<?xml version="1.0" encoding="UTF-8"?>

<beans xmlns="http://www.springframework.org/schema/beans"
	xmlns:tx="http://www.springframework.org/schema/tx" xmlns:xsi="http://www.w3.org/2001/XMLSchema-instance"
	xmlns:p="http://www.springframework.org/schema/p" xmlns:context="http://www.springframework.org/schema/context"
	xsi:schemaLocation="http://www.springframework.org/schema/context http://www.springframework.org/schema/context/spring-context-3.0.xsd
	http://www.springframework.org/schema/beans 
       			http://www.springframework.org/schema/beans/spring-beans-3.0.xsd
       			http://www.springframework.org/schema/tx 
       http://www.springframework.org/schema/tx/spring-tx-3.0.xsd">


	<bean id="applicationContextProvider" class="xap.spring.SpringService" />

	<!-- Scan the packages for annotations / -->
	<context:component-scan base-package="xap.oracle.employee.dao" />

 	<import resource="gs-applicationContext.xml" />


	<!-- bean id="dataLoader" class="xap.oracle.loader.space.DataLoader" / -->

	<import resource="dataSource-applicationContext.xml" />
	<import resource="hibernate-applicationContext.xml" />
</beans>
 